Generating sample location map...
Input: samples/samples.txt
Output: samples/samples_locations.txt

✗ Sorghum_halepense-JG_CO_246_C2 -> NOT FOUND
✗ Sorghum_halepense-JG_CO_246_B -> NOT FOUND
✗ Sorghum_halepense-JG_CO_246_A1 -> NOT FOUND
✗ Sorghum_halepense-JG_CO_245_E -> NOT FOUND
✗ Sorghum_halepense-JG_CO_245_C -> NOT FOUND
✗ Sorghum_halepense-JG_CO_245_B -> NOT FOUND
✗ Sorghum_halepense-JG_CO_245_A -> NOT FOUND
✗ Sorghum_halepense-JG_CO_244_F -> NOT FOUND
✗ Sorghum_halepense-JG_CO_244_E -> NOT FOUND
✗ Sorghum_halepense-JG_CO_244_C -> NOT FOUND
✗ Sorghum_halepense-JG_CO_244_B -> NOT FOUND
✗ Sorghum_halepense-JG_CO_244_A -> NOT FOUND
✗ Sorghum_halepense-JG_CO_243_F -> NOT FOUND
✗ Sorghum_halepense-JG_CO_243_E -> NOT FOUND
✗ Sorghum_halepense-JG_CO_243_D -> NOT FOUND
✗ Sorghum_halepense-JG_CO_243_C -> NOT FOUND
✗ Sorghum_halepense-JG_CO_243_B -> NOT FOUND
✗ Sorghum_halepense-JG_CO_243_A -> NOT FOUND
✗ Sorghum_halepense-JG_CO_242_E -> NOT FOUND
✗ Sorghum_halepense-JG_CO_242_D -> NOT FOUND
✗ Sorghum_halepense-JG_CO_242_C -> NOT FOUND
✗ Sorghum_halepense-JG_CO_242_A -> NOT FOUND
✗ Sorghum_halepense-JG_CO_241_F -> NOT FOUND
✗ Sorghum_halepense-JG_CO_241_E -> NOT FOUND
✗ Sorghum_halepense-JG_CO_241_C -> NOT FOUND
✗ Sorghum_halepense-JG_CO_241_B -> NOT FOUND
✗ Sorghum_halepense-JG_CO_241_A -> NOT FOUND
✗ Sorghum_halepense-JG_CO_239_C -> NOT FOUND
✗ Sorghum_halepense-JG_CO_239_B -> NOT FOUND
✗ Sorghum_halepense-JG_CO_239_A -> NOT FOUND
✗ Sorghum_halepense-JG_CO_235_E -> NOT FOUND
✗ Sorghum_halepense-JG_CO_235_D -> NOT FOUND
✗ Sorghum_halepense-JG_CO_235_C -> NOT FOUND
✗ Sorghum_halepense-JG_CO_235_B -> NOT FOUND
✗ Sorghum_halepense-JG_CO_235_A -> NOT FOUND
✗ Sorghum_halepense-JG_CO_232_F -> NOT FOUND
✗ Sorghum_halepense-JG_CO_232_C -> NOT FOUND
✗ Sorghum_halepense-JG_CO_232_B -> NOT FOUND
✗ Sorghum_halepense-JG_CO_232_A -> NOT FOUND
✗ Sorghum_halepense-JG_CO_230_F -> NOT FOUND
✗ Sorghum_halepense-JG_CO_230_E -> NOT FOUND
✗ Sorghum_halepense-JG_CO_230_C -> NOT FOUND
✗ Sorghum_halepense-JG_CO_230_B -> NOT FOUND
✗ Sorghum_halepense-JG_CO_230_A -> NOT FOUND
✗ Sorghum_halepense-JG_CO_229_E -> NOT FOUND
✗ Sorghum_halepense-JG_CO_229_D -> NOT FOUND
✗ Sorghum_halepense-JG_CO_229_C -> NOT FOUND
✗ Sorghum_halepense-JG_CO_229_A -> NOT FOUND
✗ Sorghum_halepense-JG_CO_225_F -> NOT FOUND
✗ Sorghum_halepense-JG_CO_225_E -> NOT FOUND
✗ Sorghum_halepense-JG_CO_225_D -> NOT FOUND
✗ Sorghum_halepense-JG_CO_225_C -> NOT FOUND
✗ Sorghum_halepense-JG_CO_225_A -> NOT FOUND
✗ Sorghum_halepense-JG_CO_224_F -> NOT FOUND
✗ Sorghum_halepense-JG_CO_224_E -> NOT FOUND
✗ Sorghum_halepense-JG_CO_224_C -> NOT FOUND
✗ Sorghum_halepense-JG_CO_224_B -> NOT FOUND
✗ Sorghum_halepense-JG_CO_224_A -> NOT FOUND
✗ Sorghum_halepense-JG_CO_223_F -> NOT FOUND
✗ Sorghum_halepense-JG_CO_223_D -> NOT FOUND
✗ Sorghum_halepense-JG_CO_223_C -> NOT FOUND
✗ Sorghum_halepense-JG_CO_223_A -> NOT FOUND
✗ Sorghum_halepense-JG_CO_220_E -> NOT FOUND
✗ Sorghum_halepense-JG_CO_220_D -> NOT FOUND
✗ Sorghum_halepense-JG_CO_220_C -> NOT FOUND
✗ Sorghum_halepense-JG_CO_218_H -> NOT FOUND
✗ Sorghum_halepense-JG_CO_218_G -> NOT FOUND
✗ Sorghum_halepense-JG_CO_218_D -> NOT FOUND
✗ Sorghum_halepense-JG_CO_218_C -> NOT FOUND
✗ Sorghum_halepense-JG_CO_218_B -> NOT FOUND
✗ Sorghum_halepense-JG_CO_215_E -> NOT FOUND
✗ Sorghum_halepense-JG_CO_215_D -> NOT FOUND
✗ Sorghum_halepense-JG_CO_215_C -> NOT FOUND
✗ Sorghum_halepense-JG_CO_215_B -> NOT FOUND
✗ Sorghum_halepense-JG_CO_215_A -> NOT FOUND
✗ Sorghum_halepense-JG_CO_207_E -> NOT FOUND
✗ Sorghum_halepense-JG_CO_207_D -> NOT FOUND
✗ Sorghum_halepense-JG_CO_207_C -> NOT FOUND
✗ Sorghum_halepense-JG_CO_207_B -> NOT FOUND
✗ Sorghum_halepense-JG_CO_207_A -> NOT FOUND
✗ Sorghum_halepense-JG_CO_206_E -> NOT FOUND
✗ Sorghum_halepense-JG_CO_206_D -> NOT FOUND
✗ Sorghum_halepense-JG_CO_206_C -> NOT FOUND
✗ Sorghum_halepense-JG_CO_206_B -> NOT FOUND
✗ Sorghum_halepense-JG_CO_206_A -> NOT FOUND
✗ Sorghum_halepense-JG_CO_204_D -> NOT FOUND
✗ Sorghum_halepense-JG_CO_204_C -> NOT FOUND
✗ Sorghum_halepense-JG_CO_204_B -> NOT FOUND
✗ Sorghum_halepense-JG_CO_204_A -> NOT FOUND
✗ Sorghum_halepense-JG_CO_199_E -> NOT FOUND
✗ Sorghum_halepense-JG_CO_199_D -> NOT FOUND
✗ Sorghum_halepense-JG_CO_199_C -> NOT FOUND
✗ Sorghum_halepense-JG_CO_199_B -> NOT FOUND
✗ Sorghum_halepense-JG_CO_199_A -> NOT FOUND
✗ Sorghum_halepense-JG_CO_197_I -> NOT FOUND
✗ Sorghum_halepense-JG_CO_197_H -> NOT FOUND
✗ Sorghum_halepense-JG_CO_197_G -> NOT FOUND
✗ Sorghum_halepense-JG_CO_197_F -> NOT FOUND
✗ Sorghum_halepense-JG_CO_197_E -> NOT FOUND
✗ Sorghum_halepense-JG_CO_197_D -> NOT FOUND
✗ Sorghum_halepense-JG_CO_197_C -> NOT FOUND
✗ Sorghum_halepense-JG_CO_197_B -> NOT FOUND
✗ Sorghum_halepense-JG_CO_197_A -> NOT FOUND
✗ Sorghum_halepense-JG_CO_194_I -> NOT FOUND
✗ Sorghum_halepense-JG_CO_194_G -> NOT FOUND
✗ Sorghum_halepense-JG_CO_194_F -> NOT FOUND
✗ Sorghum_halepense-JG_CO_194_C -> NOT FOUND
✗ Sorghum_halepense-JG_CO_194_B -> NOT FOUND
✗ Sorghum_halepense-JG_CO_194_A -> NOT FOUND
✗ Sorghum_halepense-JG_CO_188_D -> NOT FOUND
✗ Sorghum_halepense-JG_CO_188_C -> NOT FOUND
✗ Sorghum_halepense-JG_CO_188_B -> NOT FOUND
✗ Sorghum_halepense-JG_CO_150_I -> NOT FOUND
✗ Sorghum_halepense-JG_CO_150_H -> NOT FOUND
✗ Sorghum_halepense-JG_CO_150_E -> NOT FOUND
✗ Sorghum_halepense-JG_CO_150_D -> NOT FOUND
✗ Sorghum_halepense-JG_CO_150_C -> NOT FOUND
✗ Sorghum_halepense-JG_CO_132_J -> NOT FOUND
✗ Sorghum_halepense-JG_CO_132_I -> NOT FOUND
✗ Sorghum_halepense-JG_CO_132_H -> NOT FOUND
✗ Sorghum_halepense-JG_CO_132_G -> NOT FOUND
✗ Sorghum_halepense-JG_CO_132_F -> NOT FOUND
✗ Sorghum_halepense-JG_CO_132_E -> NOT FOUND
✗ Sorghum_halepense-JG_CO_132_D -> NOT FOUND
✗ Sorghum_halepense-JG_CO_132_C -> NOT FOUND
✗ Sorghum_halepense-JG_CO_131_E -> NOT FOUND
✗ Sorghum_halepense-JG_CO_131_D -> NOT FOUND
✗ Sorghum_halepense-JG_CO_131_C -> NOT FOUND
✗ Sorghum_halepense-JG_CO_131_B -> NOT FOUND
✗ Sorghum_halepense-JG_CO_131_A -> NOT FOUND
✗ Sorghum_halepense-JG_CO_128_E -> NOT FOUND
✗ Sorghum_halepense-JG_CO_128_D -> NOT FOUND
✗ Sorghum_halepense-JG_CO_128_C -> NOT FOUND
✗ Sorghum_halepense-JG_CO_128_B -> NOT FOUND
✗ Sorghum_halepense-JG_CO_128_A -> NOT FOUND
✗ Sorghum_halepense-JG_CO_126_D -> NOT FOUND
✗ Sorghum_halepense-JG_CO_126_B -> NOT FOUND
✗ Sorghum_halepense-JG_CO_126_A -> NOT FOUND
✗ Sorghum_halepense-JG_CO_125_D -> NOT FOUND
✗ Sorghum_halepense-JG_CO_125_C -> NOT FOUND
✗ Sorghum_halepense-JG_CO_125_B -> NOT FOUND
✗ Sorghum_halepense-JG_CO_125_A -> NOT FOUND
✗ Sorghum_halepense-JG_CO_124_E -> NOT FOUND
✗ Sorghum_halepense-JG_CO_124_D -> NOT FOUND
✗ Sorghum_halepense-JG_CO_124_C -> NOT FOUND
✗ Sorghum_halepense-JG_CO_124_B -> NOT FOUND
✗ Sorghum_halepense-JG_CO_124_A -> NOT FOUND
✗ Sorghum_halepense-JG_CO_122_E -> NOT FOUND
✗ Sorghum_halepense-JG_CO_122_D -> NOT FOUND
✗ Sorghum_halepense-JG_CO_122_C -> NOT FOUND
✗ Sorghum_halepense-JG_CO_122_B -> NOT FOUND
✗ Sorghum_halepense-JG_CO_122_A -> NOT FOUND
✗ Sorghum_halepense-JG_CO_120_E -> NOT FOUND
✗ Sorghum_halepense-JG_CO_120_D -> NOT FOUND
✗ Sorghum_halepense-JG_CO_120_C -> NOT FOUND
✗ Sorghum_halepense-JG_CO_120_B -> NOT FOUND
✗ Sorghum_halepense-JG_CO_120_A -> NOT FOUND
✗ Sorghum_halepense-JG_CO_118_E -> NOT FOUND
✗ Sorghum_halepense-JG_CO_118_D -> NOT FOUND
✗ Sorghum_halepense-JG_CO_118_C -> NOT FOUND
✗ Sorghum_halepense-JG_CO_118_B -> NOT FOUND
✗ Sorghum_halepense-JG_CO_113_E -> NOT FOUND
✗ Sorghum_halepense-JG_CO_113_D -> NOT FOUND
✗ Sorghum_halepense-JG_CO_113_C -> NOT FOUND
✗ Sorghum_halepense-JG_CO_113_B -> NOT FOUND
✗ Sorghum_halepense-JG_CO_113_A -> NOT FOUND
✗ Sorghum_halepense-JG_CO_111_E -> NOT FOUND
✗ Sorghum_halepense-JG_CO_111_D -> NOT FOUND
✗ Sorghum_halepense-JG_CO_111_B -> NOT FOUND
✗ Sorghum_halepense-JG_CO_111_A -> NOT FOUND
✗ Sorghum_halepense-JG_CO_110_E -> NOT FOUND
✗ Sorghum_halepense-JG_CO_110_D -> NOT FOUND
✗ Sorghum_halepense-JG_CO_110_C -> NOT FOUND
✗ Sorghum_halepense-JG_CO_110_B -> NOT FOUND
✗ Sorghum_halepense-JG_CO_110_A -> NOT FOUND
✗ Sorghum_halepense-JG_CO_109_E -> NOT FOUND
✗ Sorghum_halepense-JG_CO_109_D -> NOT FOUND
✗ Sorghum_halepense-JG_CO_109_C -> NOT FOUND
✗ Sorghum_halepense-JG_CO_109_B -> NOT FOUND
✗ Sorghum_halepense-JG_CO_109_A -> NOT FOUND
✗ Sorghum_halepense-JG_CO_108_F -> NOT FOUND
✗ Sorghum_halepense-JG_CO_108_E -> NOT FOUND
✗ Sorghum_halepense-JG_CO_108_D -> NOT FOUND
✗ Sorghum_halepense-JG_CO_108_C -> NOT FOUND
✗ Sorghum_halepense-JG_CO_108_B -> NOT FOUND
✗ Sorghum_halepense-JG_CO_107_E -> NOT FOUND
✗ Sorghum_halepense-JG_CO_107_D -> NOT FOUND
✗ Sorghum_halepense-JG_CO_107_C -> NOT FOUND
✗ Sorghum_halepense-JG_CO_107_B -> NOT FOUND
✗ Sorghum_halepense-JG_CO_107_A -> NOT FOUND
✗ Sorghum_halepense-JG_CO_106_F -> NOT FOUND
✗ Sorghum_halepense-JG_CO_106_D -> NOT FOUND
✗ Sorghum_halepense-JG_CO_106_B -> NOT FOUND
✗ Sorghum_halepense-JG_CO_106_A -> NOT FOUND
✗ Sorghum_halepense-JG_CO_104_E -> NOT FOUND
✗ Sorghum_halepense-JG_CO_104_D -> NOT FOUND
✗ Sorghum_halepense-JG_CO_104_C -> NOT FOUND
✗ Sorghum_halepense-JG_CO_104_B -> NOT FOUND
✗ Sorghum_halepense-JG_CO_104_A -> NOT FOUND
✗ Sorghum_halepense-JG_CO_102_F -> NOT FOUND
✗ Sorghum_halepense-JG_CO_102_E -> NOT FOUND
✗ Sorghum_halepense-JG_CO_102_B -> NOT FOUND
✗ Sorghum_halepense-JG_CO_102_A -> NOT FOUND
✗ Sorghum_halepense-JG_CO_099_E -> NOT FOUND
✗ Sorghum_halepense-JG_CO_099_C -> NOT FOUND
✗ Sorghum_halepense-JG_CO_099_B -> NOT FOUND
✗ Sorghum_halepense-JG_CO_099_A -> NOT FOUND
✗ Sorghum_halepense-JG_CO_098_F -> NOT FOUND
✗ Sorghum_halepense-JG_CO_098_E -> NOT FOUND
✗ Sorghum_halepense-JG_CO_098_C -> NOT FOUND
✗ Sorghum_halepense-JG_CO_098_B -> NOT FOUND
✗ Sorghum_halepense-JG_CO_098_A -> NOT FOUND
✗ Sorghum_halepense-JG_CO_095_E -> NOT FOUND
✗ Sorghum_halepense-JG_CO_095_D -> NOT FOUND
✗ Sorghum_halepense-JG_CO_095_C -> NOT FOUND
✗ Sorghum_halepense-JG_CO_095_B -> NOT FOUND
✗ Sorghum_halepense-JG_CO_095_A -> NOT FOUND
✗ Sorghum_halepense-JG_CO_093_E -> NOT FOUND
✗ Sorghum_halepense-JG_CO_093_D -> NOT FOUND
✗ Sorghum_halepense-JG_CO_093_C -> NOT FOUND
✗ Sorghum_halepense-JG_CO_093_B -> NOT FOUND
✗ Sorghum_halepense-JG_CO_093_A -> NOT FOUND
✗ Sorghum_halepense-JG_CO_092_F -> NOT FOUND
✗ Sorghum_halepense-JG_CO_092_E -> NOT FOUND
✗ Sorghum_halepense-JG_CO_092_D -> NOT FOUND
✗ Sorghum_halepense-JG_CO_092_C -> NOT FOUND
✗ Sorghum_halepense-JG_CO_092_B -> NOT FOUND
✗ Sorghum_halepense-JG_CO_092_A -> NOT FOUND
✗ Sorghum_halepense-JG_CO_089_D -> NOT FOUND
✗ Sorghum_halepense-JG_CO_089_B -> NOT FOUND
✗ Sorghum_halepense-JG_CO_089_A -> NOT FOUND
✗ Sorghum_halepense-JG_CO_085_A -> NOT FOUND
✗ Sorghum_halepense-JG_CO_081_E -> NOT FOUND
✗ Sorghum_halepense-JG_CO_081_D -> NOT FOUND
✗ Sorghum_halepense-JG_CO_081_C -> NOT FOUND
✗ Sorghum_halepense-JG_CO_081_B -> NOT FOUND
✗ Sorghum_halepense-JG_CO_080_E -> NOT FOUND
✗ Sorghum_halepense-JG_CO_080_D1 -> NOT FOUND
✗ Sorghum_halepense-JG_CO_080_C -> NOT FOUND
✗ Sorghum_halepense-JG_CO_080_B -> NOT FOUND
✗ Sorghum_halepense-JG_CO_080_A -> NOT FOUND
✗ Sorghum_halepense-JG_CO_078_E -> NOT FOUND
✗ Sorghum_halepense-JG_CO_077_D -> NOT FOUND
✗ Sorghum_halepense-JG_CO_076_A -> NOT FOUND
✗ Sorghum_halepense-JG_CO_069_E -> NOT FOUND
✗ Sorghum_halepense-JG_CO_069_D -> NOT FOUND
✗ Sorghum_halepense-JG_CO_069_C -> NOT FOUND
✗ Sorghum_halepense-JG_CO_069_B -> NOT FOUND
✗ Sorghum_halepense-JG_CO_069_A -> NOT FOUND
✗ Sorghum_halepense-JG_CO_064_L -> NOT FOUND
✗ Sorghum_halepense-JG_CO_064_K -> NOT FOUND
✗ Sorghum_halepense-JG_CO_064_J -> NOT FOUND
✗ Sorghum_halepense-JG_CO_064_I -> NOT FOUND
✗ Sorghum_halepense-JG_CO_064_H -> NOT FOUND
✗ Sorghum_halepense-JG_CO_064_G -> NOT FOUND
✗ Sorghum_halepense-JG_CO_064_F -> NOT FOUND
✗ Sorghum_halepense-JG_CO_064_E -> NOT FOUND
✗ Sorghum_halepense-JG_CO_064_D -> NOT FOUND
✗ Sorghum_halepense-JG_CO_064_C -> NOT FOUND
✗ Sorghum_halepense-JG_CO_064_B -> NOT FOUND
✗ Sorghum_halepense-JG_CO_064_A -> NOT FOUND
✗ Sorghum_halepense-JG_CO_059_L -> NOT FOUND
✗ Sorghum_halepense-JG_CO_059_K -> NOT FOUND
✗ Sorghum_halepense-JG_CO_059_J -> NOT FOUND
✗ Sorghum_halepense-JG_CO_059_I -> NOT FOUND
✗ Sorghum_halepense-JG_CO_059_H -> NOT FOUND
✗ Sorghum_halepense-JG_CO_059_G -> NOT FOUND
✗ Sorghum_halepense-JG_CO_059_F -> NOT FOUND
✗ Sorghum_halepense-JG_CO_059_E -> NOT FOUND
✗ Sorghum_halepense-JG_CO_059_D -> NOT FOUND
✗ Sorghum_halepense-JG_CO_059_C -> NOT FOUND
✗ Sorghum_halepense-JG_CO_059_B -> NOT FOUND
✗ Sorghum_halepense-JG_CO_059_A -> NOT FOUND
✗ Sorghum_halepense-JG_CO_055_K -> NOT FOUND
✗ Sorghum_halepense-JG_CO_055_J -> NOT FOUND
✗ Sorghum_halepense-JG_CO_055_I -> NOT FOUND
✗ Sorghum_halepense-JG_CO_055_H -> NOT FOUND
✗ Sorghum_halepense-JG_CO_055_G -> NOT FOUND
✗ Sorghum_halepense-JG_CO_055_F -> NOT FOUND
✗ Sorghum_halepense-JG_CO_055_E -> NOT FOUND
✗ Sorghum_halepense-JG_CO_055_D -> NOT FOUND
✗ Sorghum_halepense-JG_CO_055_C -> NOT FOUND
✗ Sorghum_halepense-JG_CO_055_B -> NOT FOUND
✗ Sorghum_halepense-JG_CO_055_A -> NOT FOUND
✗ Sorghum_halepense-JG_CO_054_K -> NOT FOUND
✗ Sorghum_halepense-JG_CO_054_J -> NOT FOUND
✗ Sorghum_halepense-JG_CO_054_I -> NOT FOUND
✗ Sorghum_halepense-JG_CO_054_H -> NOT FOUND
✗ Sorghum_halepense-JG_CO_054_G -> NOT FOUND
✗ Sorghum_halepense-JG_CO_054_F -> NOT FOUND
✗ Sorghum_halepense-JG_CO_054_E -> NOT FOUND
✗ Sorghum_halepense-JG_CO_054_D -> NOT FOUND
✗ Sorghum_halepense-JG_CO_054_C -> NOT FOUND
✗ Sorghum_halepense-JG_CO_054_B -> NOT FOUND
✗ Sorghum_halepense-JG_CO_054_A -> NOT FOUND
✗ Sorghum_halepense-JG_CO_049_C -> NOT FOUND
✗ Sorghum_halepense-JG_CO_049_B -> NOT FOUND
✗ Sorghum_halepense-JG_CO_049_A -> NOT FOUND
✗ Sorghum_halepense-JG_CO_045_L -> NOT FOUND
✗ Sorghum_halepense-JG_CO_045_K -> NOT FOUND
✗ Sorghum_halepense-JG_CO_045_J -> NOT FOUND
✗ Sorghum_halepense-JG_CO_045_I -> NOT FOUND
✗ Sorghum_halepense-JG_CO_045_H -> NOT FOUND
✗ Sorghum_halepense-JG_CO_045_G -> NOT FOUND
✗ Sorghum_halepense-JG_CO_045_F -> NOT FOUND
✗ Sorghum_halepense-JG_CO_045_E -> NOT FOUND
✗ Sorghum_halepense-JG_CO_045_D -> NOT FOUND
✗ Sorghum_halepense-JG_CO_045_C -> NOT FOUND
✗ Sorghum_halepense-JG_CO_045_A -> NOT FOUND
✗ Sorghum_halepense-JG_CO_028_F -> NOT FOUND
✗ Sorghum_halepense-JG_CO_028_E -> NOT FOUND
✗ Sorghum_halepense-JG_CO_028_C -> NOT FOUND
✗ Sorghum_halepense-JG_CO_011_V -> NOT FOUND
✗ Sorghum_halepense-JG_CO_011_P -> NOT FOUND
✗ Sorghum_halepense-JG_CO_011_M -> NOT FOUND
✗ Sorghum_halepense-JG_CO_011_L -> NOT FOUND
✗ Sorghum_halepense-JG_CO_011_C -> NOT FOUND

=== Summary ===
Found: 0 samples
Not found: 317 samples

Sample location map written to: samples/samples_locations.txt
